This is pdfTeX, Version 3.14159265-2.6-1.40.18 (TeX Live 2017/W32TeX) (preloaded format=pdflatex 2017.10.10)  5 DEC 2017 19:55
entering extended mode
 restricted \write18 enabled.
 %&-line parsing enabled.
**./t2pc.tex
(./t2pc.tex
LaTeX2e <2017-04-15>
Babel <3.14> and hyphenation patterns for 84 language(s) loaded.

(c:/texlive/2017/texmf-dist/tex/latex/base/article.cls
Document Class: article 2014/09/29 v1.4h Standard LaTeX document class
(c:/texlive/2017/texmf-dist/tex/latex/base/size10.clo
File: size10.clo 2014/09/29 v1.4h Standard LaTeX file (size option)
)
\c@part=\count79
\c@section=\count80
\c@subsection=\count81
\c@subsubsection=\count82
\c@paragraph=\count83
\c@subparagraph=\count84
\c@figure=\count85
\c@table=\count86
\abovecaptionskip=\skip41
\belowcaptionskip=\skip42
\bibindent=\dimen102
) (c:/texlive/2017/texmf-dist/tex/latex/graphics/color.sty
Package: color 2016/07/10 v1.1e Standard LaTeX Color (DPC)
(c:/texlive/2017/texmf-dist/tex/latex/graphics-cfg/color.cfg
File: color.cfg 2016/01/02 v1.6 sample color configuration
)
Package color Info: Driver file: pdftex.def on input line 147.
(c:/texlive/2017/texmf-dist/tex/latex/graphics-def/pdftex.def
File: pdftex.def 2017/06/24 v1.0g Graphics/color driver for pdftex
)) (c:/texlive/2017/texmf-dist/tex/latex/base/latexsym.sty
Package: latexsym 1998/08/17 v2.2e Standard LaTeX package (lasy symbols)
\symlasy=\mathgroup4
LaTeX Font Info:    Overwriting symbol font `lasy' in version `bold'
(Font)                  U/lasy/m/n --> U/lasy/b/n on input line 52.
) (c:/texlive/2017/texmf-dist/tex/latex/base/ifthen.sty
Package: ifthen 2014/09/29 v1.1c Standard LaTeX ifthen package (DPC)
)
\symlength=\skip43
\equalswidth=\skip44
\charwidth=\skip45
\boxrulewd=\skip46
\boxlineht=\skip47
\boxruleht=\skip48
\boxruledp=\skip49
\pcalvspace=\skip50
\lcomindent=\skip51
\@xlen=\skip52
\templena=\skip53
\templenb=\skip54
\tempboxa=\box26
\vshadelen=\skip55
\boxwidth=\skip56
\multicommentdepth=\skip57
\c@pardepth=\count87
\tempsbox=\box27
\@cparht=\skip58
\@cpardp=\skip59
\xmcomlen=\skip60
\spacewidth=\skip61
\alignboxwidth=\skip62
\alignwidth=\skip63
\alignbox=\box28
\symtlaitalics=\mathgroup5
\c@tlx@ctr=\count88
(c:/texlive/2017/texmf-dist/tex/latex/tools/verbatim.sty
Package: verbatim 2014/10/28 v1.5q LaTeX2e package for verbatim enhancements
\every@verbatim=\toks14
\verbatim@line=\toks15
\verbatim@in@stream=\read1
) (./t2pc.aux)
\openout1 = `t2pc.aux'.

LaTeX Font Info:    Checking defaults for OML/cmm/m/it on input line 939.
LaTeX Font Info:    ... okay on input line 939.
LaTeX Font Info:    Checking defaults for T1/cmr/m/n on input line 939.
LaTeX Font Info:    ... okay on input line 939.
LaTeX Font Info:    Checking defaults for OT1/cmr/m/n on input line 939.
LaTeX Font Info:    ... okay on input line 939.
LaTeX Font Info:    Checking defaults for OMS/cmsy/m/n on input line 939.
LaTeX Font Info:    ... okay on input line 939.
LaTeX Font Info:    Checking defaults for OMX/cmex/m/n on input line 939.
LaTeX Font Info:    ... okay on input line 939.
LaTeX Font Info:    Checking defaults for U/cmr/m/n on input line 939.
LaTeX Font Info:    ... okay on input line 939.
(c:/texlive/2017/texmf-dist/tex/context/base/mkii/supp-pdf.mkii
[Loading MPS to PDF converter (version 2006.09.02).]
\scratchcounter=\count89
\scratchdimen=\dimen103
\scratchbox=\box29
\nofMPsegments=\count90
\nofMParguments=\count91
\everyMPshowfont=\toks16
\MPscratchCnt=\count92
\MPscratchDim=\dimen104
\MPnumerator=\count93
\makeMPintoPDFobject=\count94
\everyMPtoPDFconversion=\toks17
)
LaTeX Font Info:    External font `cmex10' loaded for size
(Font)              <7> on input line 942.
LaTeX Font Info:    External font `cmex10' loaded for size
(Font)              <5> on input line 942.
LaTeX Font Info:    Try loading font information for U+lasy on input line 942.
(c:/texlive/2017/texmf-dist/tex/latex/base/ulasy.fd
File: ulasy.fd 1998/08/17 v2.2e LaTeX symbol font definitions
)
LaTeX Font Info:    External font `cmex10' loaded for size
(Font)              <8> on input line 952.
LaTeX Font Info:    External font `cmex10' loaded for size
(Font)              <6> on input line 952.
LaTeX Font Info:    Try loading font information for OMS+cmr on input line 968.

(c:/texlive/2017/texmf-dist/tex/latex/base/omscmr.fd
File: omscmr.fd 2014/09/29 v2.5h Standard LaTeX font definitions
)
LaTeX Font Info:    Font shape `OMS/cmr/bx/n' in size <10> not available
(Font)              Font shape `OMS/cmsy/b/n' tried instead on input line 968.

Overfull \hbox (161.38586pt too wide) in paragraph at lines 983--988
[][][][][] 
 []


Overfull \hbox (171.92976pt too wide) in paragraph at lines 988--995
[][][][][] 
 []


Overfull \hbox (132.80614pt too wide) in paragraph at lines 995--1001
[][][][][] 
 []


Overfull \hbox (80.82443pt too wide) in paragraph at lines 1001--1006
[][][][][] 
 []


Overfull \hbox (337.43413pt too wide) in paragraph at lines 1021--1026
[][][][][] 
 []


Overfull \hbox (373.66751pt too wide) in paragraph at lines 1026--1032
[][][][][] 
 []


Overfull \hbox (296.2561pt too wide) in paragraph at lines 1032--1037
[][][][][] 
 []


Overfull \hbox (328.04265pt too wide) in paragraph at lines 1041--1046
[][][][][] 
 []


Overfull \hbox (155.68619pt too wide) in paragraph at lines 1052--1058
[][][][][] 
 []


Overfull \hbox (296.50488pt too wide) in paragraph at lines 1061--1069
[][][][][] 
 []


Overfull \hbox (224.54991pt too wide) in paragraph at lines 1069--1075
[][][][][] 
 []


Overfull \hbox (272.94333pt too wide) in paragraph at lines 1079--1086
[][][][][] 
 []

[1

{c:/texlive/2017/texmf-var/fonts/map/pdftex/updmap/pdftex.map}]
Overfull \hbox (266.12154pt too wide) in paragraph at lines 1090--1097
[][][][][] 
 []


Overfull \hbox (243.23773pt too wide) in paragraph at lines 1100--1106
[][][][][] 
 []


Overfull \hbox (266.11823pt too wide) in paragraph at lines 1108--1115
[][][][][] 
 []


Overfull \hbox (4.44504pt too wide) in paragraph at lines 1163--1166
[][] 
 []


Overfull \hbox (197.53258pt too wide) in paragraph at lines 1166--1168
[][] 
 []


Overfull \hbox (35.74837pt too wide) in paragraph at lines 1168--1170
[][] 
 []


Overfull \hbox (32.30525pt too wide) in paragraph at lines 1170--1172
[][] 
 []


Overfull \hbox (13.19283pt too wide) in paragraph at lines 1172--1173
[][] 
 []


Overfull \hbox (45.2104pt too wide) in paragraph at lines 1175--1176
[][] 
 []

[2] [3]
Underfull \hbox (badness 1147) in paragraph at lines 1294--1298
[]$[] \OMS/cmsy/m/n/8 n []$\OT1/cmr/m/n/8 *because $\OT1/cmr/m/it/8 TM$ \OT1/cm
r/m/n/8 is $[]$ now. That[]s why we get re-sult when $\OT1/cmr/m/it/8 RM$ \OT1/
cmr/m/n/8 equals 3 that
 []

[4] (./t2pc.aux) ) 
Here is how much of TeX's memory you used:
 1081 strings out of 492990
 12681 string characters out of 6136333
 85958 words of memory out of 5000000
 4672 multiletter control sequences out of 15000+600000
 9673 words of font info for 37 fonts, out of 8000000 for 9000
 1141 hyphenation exceptions out of 8191
 24i,10n,25p,215b,247s stack positions out of 5000i,500n,10000p,200000b,80000s
<c:/texlive/2017/texmf-dist/fonts/type1/public/amsfonts/cm/cm
bsy10.pfb><c:/texlive/2017/texmf-dist/fonts/type1/public/amsfonts/cm/cmbx10.pfb
><c:/texlive/2017/texmf-dist/fonts/type1/public/amsfonts/cm/cmcsc10.pfb><c:/tex
live/2017/texmf-dist/fonts/type1/public/amsfonts/cm/cmmi10.pfb><c:/texlive/2017
/texmf-dist/fonts/type1/public/amsfonts/cm/cmmi8.pfb><c:/texlive/2017/texmf-dis
t/fonts/type1/public/amsfonts/cm/cmr10.pfb><c:/texlive/2017/texmf-dist/fonts/ty
pe1/public/amsfonts/cm/cmr5.pfb><c:/texlive/2017/texmf-dist/fonts/type1/public/
amsfonts/cm/cmr8.pfb><c:/texlive/2017/texmf-dist/fonts/type1/public/amsfonts/cm
/cmr9.pfb><c:/texlive/2017/texmf-dist/fonts/type1/public/amsfonts/cm/cmss10.pfb
><c:/texlive/2017/texmf-dist/fonts/type1/public/amsfonts/cm/cmss8.pfb><c:/texli
ve/2017/texmf-dist/fonts/type1/public/amsfonts/cm/cmsy10.pfb><c:/texlive/2017/t
exmf-dist/fonts/type1/public/amsfonts/cm/cmsy7.pfb><c:/texlive/2017/texmf-dist/
fonts/type1/public/amsfonts/cm/cmsy8.pfb><c:/texlive/2017/texmf-dist/fonts/type
1/public/amsfonts/cm/cmti10.pfb><c:/texlive/2017/texmf-dist/fonts/type1/public/
amsfonts/cm/cmti7.pfb><c:/texlive/2017/texmf-dist/fonts/type1/public/amsfonts/c
m/cmti8.pfb><c:/texlive/2017/texmf-dist/fonts/type1/public/amsfonts/latxfont/la
sy10.pfb>
Output written on t2pc.pdf (4 pages, 192436 bytes).
PDF statistics:
 89 PDF objects out of 1000 (max. 8388607)
 64 compressed objects within 1 object stream
 0 named destinations out of 1000 (max. 500000)
 1 words of extra memory for PDF output out of 10000 (max. 10000000)

